2023-02-16 15:38:38,888 [Worker-8: Loading available Gradle versions] INFO  o.e.b.c.i.u.g.PublishedGradleVersions - Gradle version information cache is out-of-date. Trying to update.
2023-02-16 15:42:46,727 [Worker-5: Launching mavenrun-ebe2e860-d914-47e5-bb58-945990f8f5f9] INFO  o.eclipse.m2e.core.internal.Bundles - getClasspathEntries(Bundle=org.eclipse.m2e.maven.runtime_3.8.604.20221130-2149 [345])
2023-02-16 15:42:46,737 [Worker-5: Launching mavenrun-ebe2e860-d914-47e5-bb58-945990f8f5f9] INFO  o.eclipse.m2e.core.internal.Bundles - 	Entry: C:\sts-4.17.2.RELEASE\plugins\org.eclipse.m2e.maven.runtime_3.8.604.20221130-2149
2023-02-16 15:42:46,738 [Worker-5: Launching mavenrun-ebe2e860-d914-47e5-bb58-945990f8f5f9] INFO  o.eclipse.m2e.core.internal.Bundles - 	Entry: C:\sts-4.17.2.RELEASE\plugins\org.eclipse.m2e.maven.runtime_3.8.604.20221130-2149\jars\aether-connector-okhttp-0.17.8.jar
2023-02-16 15:42:46,739 [Worker-5: Launching mavenrun-ebe2e860-d914-47e5-bb58-945990f8f5f9] INFO  o.eclipse.m2e.core.internal.Bundles - 	Entry: C:\sts-4.17.2.RELEASE\plugins\org.eclipse.m2e.maven.runtime_3.8.604.20221130-2149\jars\commons-cli-1.4.jar
2023-02-16 15:42:46,740 [Worker-5: Launching mavenrun-ebe2e860-d914-47e5-bb58-945990f8f5f9] INFO  o.eclipse.m2e.core.internal.Bundles - 	Entry: C:\sts-4.17.2.RELEASE\plugins\org.eclipse.m2e.maven.runtime_3.8.604.20221130-2149\jars\commons-io-2.6.jar
2023-02-16 15:42:46,741 [Worker-5: Launching mavenrun-ebe2e860-d914-47e5-bb58-945990f8f5f9] INFO  o.eclipse.m2e.core.internal.Bundles - 	Entry: C:\sts-4.17.2.RELEASE\plugins\org.eclipse.m2e.maven.runtime_3.8.604.20221130-2149\jars\commons-lang3-3.8.1.jar
2023-02-16 15:42:46,741 [Worker-5: Launching mavenrun-ebe2e860-d914-47e5-bb58-945990f8f5f9] INFO  o.eclipse.m2e.core.internal.Bundles - 	Entry: C:\sts-4.17.2.RELEASE\plugins\org.eclipse.m2e.maven.runtime_3.8.604.20221130-2149\jars\guice-4.2.2-no_aop.jar
2023-02-16 15:42:46,742 [Worker-5: Launching mavenrun-ebe2e860-d914-47e5-bb58-945990f8f5f9] INFO  o.eclipse.m2e.core.internal.Bundles - 	Entry: C:\sts-4.17.2.RELEASE\plugins\org.eclipse.m2e.maven.runtime_3.8.604.20221130-2149\jars\jansi-2.4.0.jar
2023-02-16 15:42:46,742 [Worker-5: Launching mavenrun-ebe2e860-d914-47e5-bb58-945990f8f5f9] INFO  o.eclipse.m2e.core.internal.Bundles - 	Entry: C:\sts-4.17.2.RELEASE\plugins\org.eclipse.m2e.maven.runtime_3.8.604.20221130-2149\jars\maven-artifact-3.8.6.jar
2023-02-16 15:42:46,743 [Worker-5: Launching mavenrun-ebe2e860-d914-47e5-bb58-945990f8f5f9] INFO  o.eclipse.m2e.core.internal.Bundles - 	Entry: C:\sts-4.17.2.RELEASE\plugins\org.eclipse.m2e.maven.runtime_3.8.604.20221130-2149\jars\maven-builder-support-3.8.6.jar
2023-02-16 15:42:46,743 [Worker-5: Launching mavenrun-ebe2e860-d914-47e5-bb58-945990f8f5f9] INFO  o.eclipse.m2e.core.internal.Bundles - 	Entry: C:\sts-4.17.2.RELEASE\plugins\org.eclipse.m2e.maven.runtime_3.8.604.20221130-2149\jars\maven-compat-3.8.6.jar
2023-02-16 15:42:46,744 [Worker-5: Launching mavenrun-ebe2e860-d914-47e5-bb58-945990f8f5f9] INFO  o.eclipse.m2e.core.internal.Bundles - 	Entry: C:\sts-4.17.2.RELEASE\plugins\org.eclipse.m2e.maven.runtime_3.8.604.20221130-2149\jars\maven-core-3.8.6.jar
2023-02-16 15:42:46,744 [Worker-5: Launching mavenrun-ebe2e860-d914-47e5-bb58-945990f8f5f9] INFO  o.eclipse.m2e.core.internal.Bundles - 	Entry: C:\sts-4.17.2.RELEASE\plugins\org.eclipse.m2e.maven.runtime_3.8.604.20221130-2149\jars\maven-embedder-3.8.6.jar
2023-02-16 15:42:46,745 [Worker-5: Launching mavenrun-ebe2e860-d914-47e5-bb58-945990f8f5f9] INFO  o.eclipse.m2e.core.internal.Bundles - 	Entry: C:\sts-4.17.2.RELEASE\plugins\org.eclipse.m2e.maven.runtime_3.8.604.20221130-2149\jars\maven-model-3.8.6.jar
2023-02-16 15:42:46,745 [Worker-5: Launching mavenrun-ebe2e860-d914-47e5-bb58-945990f8f5f9] INFO  o.eclipse.m2e.core.internal.Bundles - 	Entry: C:\sts-4.17.2.RELEASE\plugins\org.eclipse.m2e.maven.runtime_3.8.604.20221130-2149\jars\maven-model-builder-3.8.6.jar
2023-02-16 15:42:46,746 [Worker-5: Launching mavenrun-ebe2e860-d914-47e5-bb58-945990f8f5f9] INFO  o.eclipse.m2e.core.internal.Bundles - 	Entry: C:\sts-4.17.2.RELEASE\plugins\org.eclipse.m2e.maven.runtime_3.8.604.20221130-2149\jars\maven-plugin-api-3.8.6.jar
2023-02-16 15:42:46,746 [Worker-5: Launching mavenrun-ebe2e860-d914-47e5-bb58-945990f8f5f9] INFO  o.eclipse.m2e.core.internal.Bundles - 	Entry: C:\sts-4.17.2.RELEASE\plugins\org.eclipse.m2e.maven.runtime_3.8.604.20221130-2149\jars\maven-repository-metadata-3.8.6.jar
2023-02-16 15:42:46,747 [Worker-5: Launching mavenrun-ebe2e860-d914-47e5-bb58-945990f8f5f9] INFO  o.eclipse.m2e.core.internal.Bundles - 	Entry: C:\sts-4.17.2.RELEASE\plugins\org.eclipse.m2e.maven.runtime_3.8.604.20221130-2149\jars\maven-resolver-api-1.6.3.jar
2023-02-16 15:42:46,747 [Worker-5: Launching mavenrun-ebe2e860-d914-47e5-bb58-945990f8f5f9] INFO  o.eclipse.m2e.core.internal.Bundles - 	Entry: C:\sts-4.17.2.RELEASE\plugins\org.eclipse.m2e.maven.runtime_3.8.604.20221130-2149\jars\maven-resolver-connector-basic-1.6.3.jar
2023-02-16 15:42:46,748 [Worker-5: Launching mavenrun-ebe2e860-d914-47e5-bb58-945990f8f5f9] INFO  o.eclipse.m2e.core.internal.Bundles - 	Entry: C:\sts-4.17.2.RELEASE\plugins\org.eclipse.m2e.maven.runtime_3.8.604.20221130-2149\jars\maven-resolver-impl-1.6.3.jar
2023-02-16 15:42:46,748 [Worker-5: Launching mavenrun-ebe2e860-d914-47e5-bb58-945990f8f5f9] INFO  o.eclipse.m2e.core.internal.Bundles - 	Entry: C:\sts-4.17.2.RELEASE\plugins\org.eclipse.m2e.maven.runtime_3.8.604.20221130-2149\jars\maven-resolver-provider-3.8.6.jar
2023-02-16 15:42:46,749 [Worker-5: Launching mavenrun-ebe2e860-d914-47e5-bb58-945990f8f5f9] INFO  o.eclipse.m2e.core.internal.Bundles - 	Entry: C:\sts-4.17.2.RELEASE\plugins\org.eclipse.m2e.maven.runtime_3.8.604.20221130-2149\jars\maven-resolver-spi-1.6.3.jar
2023-02-16 15:42:46,749 [Worker-5: Launching mavenrun-ebe2e860-d914-47e5-bb58-945990f8f5f9] INFO  o.eclipse.m2e.core.internal.Bundles - 	Entry: C:\sts-4.17.2.RELEASE\plugins\org.eclipse.m2e.maven.runtime_3.8.604.20221130-2149\jars\maven-resolver-transport-wagon-1.6.3.jar
2023-02-16 15:42:46,750 [Worker-5: Launching mavenrun-ebe2e860-d914-47e5-bb58-945990f8f5f9] INFO  o.eclipse.m2e.core.internal.Bundles - 	Entry: C:\sts-4.17.2.RELEASE\plugins\org.eclipse.m2e.maven.runtime_3.8.604.20221130-2149\jars\maven-resolver-util-1.6.3.jar
2023-02-16 15:42:46,750 [Worker-5: Launching mavenrun-ebe2e860-d914-47e5-bb58-945990f8f5f9] INFO  o.eclipse.m2e.core.internal.Bundles - 	Entry: C:\sts-4.17.2.RELEASE\plugins\org.eclipse.m2e.maven.runtime_3.8.604.20221130-2149\jars\maven-settings-3.8.6.jar
2023-02-16 15:42:46,750 [Worker-5: Launching mavenrun-ebe2e860-d914-47e5-bb58-945990f8f5f9] INFO  o.eclipse.m2e.core.internal.Bundles - 	Entry: C:\sts-4.17.2.RELEASE\plugins\org.eclipse.m2e.maven.runtime_3.8.604.20221130-2149\jars\maven-settings-builder-3.8.6.jar
2023-02-16 15:42:46,751 [Worker-5: Launching mavenrun-ebe2e860-d914-47e5-bb58-945990f8f5f9] INFO  o.eclipse.m2e.core.internal.Bundles - 	Entry: C:\sts-4.17.2.RELEASE\plugins\org.eclipse.m2e.maven.runtime_3.8.604.20221130-2149\jars\maven-shared-utils-3.3.4.jar
2023-02-16 15:42:46,751 [Worker-5: Launching mavenrun-ebe2e860-d914-47e5-bb58-945990f8f5f9] INFO  o.eclipse.m2e.core.internal.Bundles - 	Entry: C:\sts-4.17.2.RELEASE\plugins\org.eclipse.m2e.maven.runtime_3.8.604.20221130-2149\jars\okhttp-3.14.1.jar
2023-02-16 15:42:46,751 [Worker-5: Launching mavenrun-ebe2e860-d914-47e5-bb58-945990f8f5f9] INFO  o.eclipse.m2e.core.internal.Bundles - 	Entry: C:\sts-4.17.2.RELEASE\plugins\org.eclipse.m2e.maven.runtime_3.8.604.20221130-2149\jars\okio-1.17.3.jar
2023-02-16 15:42:46,751 [Worker-5: Launching mavenrun-ebe2e860-d914-47e5-bb58-945990f8f5f9] INFO  o.eclipse.m2e.core.internal.Bundles - 	Entry: C:\sts-4.17.2.RELEASE\plugins\org.eclipse.m2e.maven.runtime_3.8.604.20221130-2149\jars\org.eclipse.sisu.inject-0.3.5.jar
2023-02-16 15:42:46,752 [Worker-5: Launching mavenrun-ebe2e860-d914-47e5-bb58-945990f8f5f9] INFO  o.eclipse.m2e.core.internal.Bundles - 	Entry: C:\sts-4.17.2.RELEASE\plugins\org.eclipse.m2e.maven.runtime_3.8.604.20221130-2149\jars\org.eclipse.sisu.plexus-0.3.5.jar
2023-02-16 15:42:46,752 [Worker-5: Launching mavenrun-ebe2e860-d914-47e5-bb58-945990f8f5f9] INFO  o.eclipse.m2e.core.internal.Bundles - 	Entry: C:\sts-4.17.2.RELEASE\plugins\org.eclipse.m2e.maven.runtime_3.8.604.20221130-2149\jars\plexus-build-api-0.0.7.jar
2023-02-16 15:42:46,753 [Worker-5: Launching mavenrun-ebe2e860-d914-47e5-bb58-945990f8f5f9] INFO  o.eclipse.m2e.core.internal.Bundles - 	Entry: C:\sts-4.17.2.RELEASE\plugins\org.eclipse.m2e.maven.runtime_3.8.604.20221130-2149\jars\plexus-cipher-2.0.jar
2023-02-16 15:42:46,753 [Worker-5: Launching mavenrun-ebe2e860-d914-47e5-bb58-945990f8f5f9] INFO  o.eclipse.m2e.core.internal.Bundles - 	Entry: C:\sts-4.17.2.RELEASE\plugins\org.eclipse.m2e.maven.runtime_3.8.604.20221130-2149\jars\plexus-classworlds-2.6.0.jar
2023-02-16 15:42:46,754 [Worker-5: Launching mavenrun-ebe2e860-d914-47e5-bb58-945990f8f5f9] INFO  o.eclipse.m2e.core.internal.Bundles - 	Entry: C:\sts-4.17.2.RELEASE\plugins\org.eclipse.m2e.maven.runtime_3.8.604.20221130-2149\jars\plexus-component-annotations-2.1.0.jar
2023-02-16 15:42:46,755 [Worker-5: Launching mavenrun-ebe2e860-d914-47e5-bb58-945990f8f5f9] INFO  o.eclipse.m2e.core.internal.Bundles - 	Entry: C:\sts-4.17.2.RELEASE\plugins\org.eclipse.m2e.maven.runtime_3.8.604.20221130-2149\jars\plexus-interpolation-1.26.jar
2023-02-16 15:42:46,755 [Worker-5: Launching mavenrun-ebe2e860-d914-47e5-bb58-945990f8f5f9] INFO  o.eclipse.m2e.core.internal.Bundles - 	Entry: C:\sts-4.17.2.RELEASE\plugins\org.eclipse.m2e.maven.runtime_3.8.604.20221130-2149\jars\plexus-sec-dispatcher-2.0.jar
2023-02-16 15:42:46,756 [Worker-5: Launching mavenrun-ebe2e860-d914-47e5-bb58-945990f8f5f9] INFO  o.eclipse.m2e.core.internal.Bundles - 	Entry: C:\sts-4.17.2.RELEASE\plugins\org.eclipse.m2e.maven.runtime_3.8.604.20221130-2149\jars\plexus-utils-3.3.1.jar
2023-02-16 15:42:46,756 [Worker-5: Launching mavenrun-ebe2e860-d914-47e5-bb58-945990f8f5f9] INFO  o.eclipse.m2e.core.internal.Bundles - 	Entry: C:\sts-4.17.2.RELEASE\plugins\org.eclipse.m2e.maven.runtime_3.8.604.20221130-2149\jars\wagon-file-3.5.1.jar
2023-02-16 15:42:46,757 [Worker-5: Launching mavenrun-ebe2e860-d914-47e5-bb58-945990f8f5f9] INFO  o.eclipse.m2e.core.internal.Bundles - 	Entry: C:\sts-4.17.2.RELEASE\plugins\org.eclipse.m2e.maven.runtime_3.8.604.20221130-2149\jars\wagon-provider-api-3.5.1.jar
2023-02-16 15:42:46,762 [Worker-5: Launching mavenrun-ebe2e860-d914-47e5-bb58-945990f8f5f9] INFO  o.eclipse.m2e.core.internal.Bundles - getClasspathEntries(Bundle=com.google.guava_30.1.0.v20221112-0806 [22])
2023-02-16 15:42:46,764 [Worker-5: Launching mavenrun-ebe2e860-d914-47e5-bb58-945990f8f5f9] INFO  o.eclipse.m2e.core.internal.Bundles - 	Entry: C:\sts-4.17.2.RELEASE\plugins\com.google.guava_30.1.0.v20221112-0806.jar
2023-02-16 15:42:46,764 [Worker-5: Launching mavenrun-ebe2e860-d914-47e5-bb58-945990f8f5f9] INFO  o.eclipse.m2e.core.internal.Bundles - getClasspathEntries(Bundle=slf4j.api_1.7.36 [585])
2023-02-16 15:42:46,766 [Worker-5: Launching mavenrun-ebe2e860-d914-47e5-bb58-945990f8f5f9] INFO  o.eclipse.m2e.core.internal.Bundles - 	Entry: C:\sts-4.17.2.RELEASE\plugins\slf4j.api_1.7.36.jar
2023-02-16 15:42:46,766 [Worker-5: Launching mavenrun-ebe2e860-d914-47e5-bb58-945990f8f5f9] INFO  o.eclipse.m2e.core.internal.Bundles - getClasspathEntries(Bundle=javax.inject_1.0.0.v20220405-0441 [49])
2023-02-16 15:42:46,767 [Worker-5: Launching mavenrun-ebe2e860-d914-47e5-bb58-945990f8f5f9] INFO  o.eclipse.m2e.core.internal.Bundles - 	Entry: C:\sts-4.17.2.RELEASE\plugins\javax.inject_1.0.0.v20220405-0441.jar
2023-02-16 15:42:46,767 [Worker-5: Launching mavenrun-ebe2e860-d914-47e5-bb58-945990f8f5f9] INFO  o.eclipse.m2e.core.internal.Bundles - getClasspathEntries(Bundle=javax.annotation_1.3.5.v20221112-0806 [47])
2023-02-16 15:42:46,769 [Worker-5: Launching mavenrun-ebe2e860-d914-47e5-bb58-945990f8f5f9] INFO  o.eclipse.m2e.core.internal.Bundles - 	Entry: C:\sts-4.17.2.RELEASE\plugins\javax.annotation_1.3.5.v20221112-0806.jar
2023-02-16 15:42:46,790 [Worker-5: Launching mavenrun-ebe2e860-d914-47e5-bb58-945990f8f5f9] INFO  o.e.m.i.launch.MavenLaunchDelegate - Run build in "C:\Users\arind\AppData\Local\Temp\m2e-archetypeGenerator11415446229988147426":
2023-02-16 15:42:46,798 [Worker-5: Launching mavenrun-ebe2e860-d914-47e5-bb58-945990f8f5f9] INFO  o.e.m.i.launch.MavenLaunchDelegate -  mvn  -DarchetypeGroupId=org.apache.maven.archetypes -DarchetypeArtifactId=maven-archetype-webapp -DarchetypeVersion=1.0 -DgroupId=First_Spring_App1 -DartifactId=org.study -Dversion=0.0.1-SNAPSHOT -Dpackage=First_Spring_App1.org.study -DoutputDirectory=F:\Advanced_JAVA\Spring_Boot -Dstyle.color=always -U archetype:generate
2023-02-16 15:44:02,219 [Worker-10: Creating maven-archetype-webapp] INFO  o.e.m.c.i.p.ProjectConfigurationManager - Collecting project info '/pom.xml' F:\Advanced_JAVA\Spring_Boot\org.study\pom.xml
2023-02-16 15:44:05,101 [Worker-10: Creating maven-archetype-webapp] INFO  o.e.m.c.i.l.LifecycleMappingFactory - Using org.maven.ide.eclipse.wtp.WarLifecycleMapping lifecycle mapping for MavenProject: First_Spring_App1:org.study:0.0.1-SNAPSHOT @ F:\Advanced_JAVA\Spring_Boot\org.study\pom.xml.
2023-02-16 15:44:05,817 [Worker-10: Creating maven-archetype-webapp] WARN  Sisu - Error injecting: org.apache.maven.plugin.war.WarMojo
com.google.inject.ProvisionException: Unable to provision, see the following errors:

1) Error injecting constructor, java.lang.ExceptionInInitializerError: Cannot access defaults field of Properties
  at org.apache.maven.plugin.war.WarMojo.<init>(Unknown Source)
  while locating org.apache.maven.plugin.war.WarMojo

1 error
	at com.google.inject.internal.InternalProvisionException.toProvisionException(InternalProvisionException.java:226)
	at com.google.inject.internal.InjectorImpl$1.get(InjectorImpl.java:1053)
	at com.google.inject.internal.InjectorImpl.getInstance(InjectorImpl.java:1086)
	at org.eclipse.sisu.space.AbstractDeferredClass.get(AbstractDeferredClass.java:48)
	at com.google.inject.internal.ProviderInternalFactory.provision(ProviderInternalFactory.java:85)
	at com.google.inject.internal.InternalFactoryToInitializableAdapter.provision(InternalFactoryToInitializableAdapter.java:57)
	at com.google.inject.internal.ProviderInternalFactory$1.call(ProviderInternalFactory.java:66)
	at com.google.inject.internal.ProvisionListenerStackCallback$Provision.provision(ProvisionListenerStackCallback.java:112)
	at com.google.inject.internal.ProvisionListenerStackCallback$Provision.provision(ProvisionListenerStackCallback.java:127)
	at com.google.inject.internal.ProvisionListenerStackCallback.provision(ProvisionListenerStackCallback.java:66)
	at com.google.inject.internal.ProviderInternalFactory.circularGet(ProviderInternalFactory.java:61)
	at com.google.inject.internal.InternalFactoryToInitializableAdapter.get(InternalFactoryToInitializableAdapter.java:47)
	at com.google.inject.internal.InjectorImpl$1.get(InjectorImpl.java:1050)
	at org.eclipse.sisu.inject.Guice4$1.get(Guice4.java:162)
	at org.eclipse.sisu.inject.LazyBeanEntry.getValue(LazyBeanEntry.java:81)
	at org.eclipse.sisu.plexus.LazyPlexusBean.getValue(LazyPlexusBean.java:51)
	at org.codehaus.plexus.DefaultPlexusContainer.lookup(DefaultPlexusContainer.java:263)
	at org.codehaus.plexus.DefaultPlexusContainer.lookup(DefaultPlexusContainer.java:255)
	at org.apache.maven.plugin.internal.DefaultMavenPluginManager.getConfiguredMojo(DefaultMavenPluginManager.java:520)
	at org.eclipse.m2e.core.internal.embedder.MavenImpl.getConfiguredMojo(MavenImpl.java:210)
	at org.eclipse.m2e.mavenarchiver.internal.AbstractMavenArchiverConfigurator.reflectManifestGeneration(AbstractMavenArchiverConfigurator.java:440)
	at org.eclipse.m2e.mavenarchiver.internal.AbstractMavenArchiverConfigurator.lambda$3(AbstractMavenArchiverConfigurator.java:399)
	at org.eclipse.m2e.core.internal.embedder.MavenExecutionContext.executeBare(MavenExecutionContext.java:364)
	at org.eclipse.m2e.core.internal.embedder.MavenExecutionContext.execute(MavenExecutionContext.java:274)
	at org.eclipse.m2e.core.internal.embedder.MavenExecutionContext.execute(MavenExecutionContext.java:213)
	at org.eclipse.m2e.mavenarchiver.internal.AbstractMavenArchiverConfigurator.generateManifest(AbstractMavenArchiverConfigurator.java:372)
	at org.eclipse.m2e.mavenarchiver.internal.AbstractMavenArchiverConfigurator.mavenProjectChanged(AbstractMavenArchiverConfigurator.java:229)
	at org.eclipse.m2e.wtp.mavenarchiver.AbstractWTPArchiverConfigurator.mavenProjectChanged(AbstractWTPArchiverConfigurator.java:56)
	at org.eclipse.m2e.core.internal.project.ProjectConfigurationManager.mavenProjectChanged(ProjectConfigurationManager.java:873)
	at org.eclipse.m2e.core.internal.project.registry.ProjectRegistryManager.notifyProjectChangeListeners(ProjectRegistryManager.java:832)
	at org.eclipse.m2e.core.internal.project.registry.ProjectRegistryManager.applyMutableProjectRegistry(ProjectRegistryManager.java:985)
	at org.eclipse.m2e.core.internal.project.registry.ProjectRegistryManager.refresh(ProjectRegistryManager.java:315)
	at org.eclipse.m2e.core.internal.project.ProjectConfigurationManager.configureNewMavenProjects(ProjectConfigurationManager.java:256)
	at org.eclipse.m2e.core.internal.project.ProjectConfigurationManager.lambda$1(ProjectConfigurationManager.java:166)
	at org.eclipse.m2e.core.internal.embedder.MavenExecutionContext.executeBare(MavenExecutionContext.java:364)
	at org.eclipse.m2e.core.internal.embedder.MavenExecutionContext.execute(MavenExecutionContext.java:274)
	at org.eclipse.m2e.core.internal.embedder.MavenExecutionContext.execute(MavenExecutionContext.java:213)
	at org.eclipse.m2e.core.internal.project.ProjectConfigurationManager.importProjects(ProjectConfigurationManager.java:139)
	at org.eclipse.m2e.core.ui.internal.wizards.MavenProjectWizard$3.doCreateMavenProjects(MavenProjectWizard.java:251)
	at org.eclipse.m2e.core.ui.internal.wizards.AbstractCreateMavenProjectJob$1.doCreateMavenProjects(AbstractCreateMavenProjectJob.java:51)
	at org.eclipse.m2e.core.ui.internal.wizards.AbstractCreateMavenProjectsOperation.run(AbstractCreateMavenProjectsOperation.java:56)
	at org.eclipse.m2e.core.ui.internal.wizards.AbstractCreateMavenProjectJob.runInWorkspace(AbstractCreateMavenProjectJob.java:55)
	at org.eclipse.core.internal.resources.InternalWorkspaceJob.run(InternalWorkspaceJob.java:43)
	at org.eclipse.core.internal.jobs.Worker.run(Worker.java:63)
Caused by: java.lang.ExceptionInInitializerError: Cannot access defaults field of Properties
	at com.thoughtworks.xstream.converters.collections.PropertiesConverter.<clinit>(PropertiesConverter.java:46)
	at com.thoughtworks.xstream.XStream.setupConverters(XStream.java:647)
	at com.thoughtworks.xstream.XStream.<init>(XStream.java:445)
	at com.thoughtworks.xstream.XStream.<init>(XStream.java:385)
	at com.thoughtworks.xstream.XStream.<init>(XStream.java:342)
	at org.apache.maven.plugin.war.util.WebappStructureSerializer.<clinit>(WebappStructureSerializer.java:47)
	at org.apache.maven.plugin.war.AbstractWarMojo.<init>(AbstractWarMojo.java:316)
	at org.apache.maven.plugin.war.WarMojo.<init>(WarMojo.java:49)
	at java.base/jdk.internal.reflect.NativeConstructorAccessorImpl.newInstance0(Native Method)
	at java.base/jdk.internal.reflect.NativeConstructorAccessorImpl.newInstance(NativeConstructorAccessorImpl.java:77)
	at java.base/jdk.internal.reflect.DelegatingConstructorAccessorImpl.newInstance(DelegatingConstructorAccessorImpl.java:45)
	at java.base/java.lang.reflect.Constructor.newInstanceWithCaller(Constructor.java:499)
	at java.base/java.lang.reflect.Constructor.newInstance(Constructor.java:480)
	at com.google.inject.internal.DefaultConstructionProxyFactory$ReflectiveProxy.newInstance(DefaultConstructionProxyFactory.java:126)
	at com.google.inject.internal.ConstructorInjector.provision(ConstructorInjector.java:114)
	at com.google.inject.internal.ConstructorInjector.access$000(ConstructorInjector.java:32)
	at com.google.inject.internal.ConstructorInjector$1.call(ConstructorInjector.java:98)
	at com.google.inject.internal.ProvisionListenerStackCallback$Provision.provision(ProvisionListenerStackCallback.java:112)
	at com.google.inject.internal.ProvisionListenerStackCallback$Provision.provision(ProvisionListenerStackCallback.java:127)
	at com.google.inject.internal.ProvisionListenerStackCallback.provision(ProvisionListenerStackCallback.java:66)
	at com.google.inject.internal.ConstructorInjector.construct(ConstructorInjector.java:93)
	at com.google.inject.internal.ConstructorBindingImpl$Factory.get(ConstructorBindingImpl.java:306)
	at com.google.inject.internal.InjectorImpl$1.get(InjectorImpl.java:1050)
	... 42 common frames omitted
2023-02-16 15:44:06,223 [Worker-10: Creating maven-archetype-webapp] INFO  o.e.m.j.i.AbstractJavaProjectConfigurator - Adding source folder /org.study/src/main/java
2023-02-16 15:44:06,224 [Worker-10: Creating maven-archetype-webapp] INFO  o.e.m.j.i.AbstractJavaProjectConfigurator - Adding resource folder /org.study/src/main/resources
2023-02-16 15:44:06,225 [Worker-10: Creating maven-archetype-webapp] INFO  o.e.m.j.i.AbstractJavaProjectConfigurator - Adding source folder /org.study/src/test/java
2023-02-16 15:44:07,558 [Worker-10: Creating maven-archetype-webapp] INFO  o.e.m.c.i.p.ProjectConfigurationManager - Imported and configured 1 project(s) in 5 sec
2023-02-16 15:44:08,985 [Worker-13: Building] WARN  o.e.m.c.i.embedder.EclipseLogger - Using platform encoding (Cp1252 actually) to copy filtered resources, i.e. build is platform dependent!
2023-02-16 15:44:08,994 [Worker-13: Building] INFO  o.e.m.c.i.embedder.EclipseLogger - Copying 0 resource
2023-02-16 15:44:09,000 [Worker-13: Building] WARN  o.e.m.c.i.embedder.EclipseLogger - Using platform encoding (Cp1252 actually) to copy filtered resources, i.e. build is platform dependent!
2023-02-16 15:44:09,001 [Worker-13: Building] INFO  o.e.m.c.i.embedder.EclipseLogger - skip non existing resourceDirectory F:\Advanced_JAVA\Spring_Boot\org.study\src\test\resources
2023-02-16 15:44:09,614 [Worker-13: Building] WARN  Sisu - Error injecting: org.apache.maven.plugin.war.WarMojo
com.google.inject.ProvisionException: Unable to provision, see the following errors:

1) Error injecting constructor, java.lang.ExceptionInInitializerError: Cannot access defaults field of Properties
  at org.apache.maven.plugin.war.WarMojo.<init>(Unknown Source)
  while locating org.apache.maven.plugin.war.WarMojo

1 error
	at com.google.inject.internal.InternalProvisionException.toProvisionException(InternalProvisionException.java:226)
	at com.google.inject.internal.InjectorImpl$1.get(InjectorImpl.java:1053)
	at com.google.inject.internal.InjectorImpl.getInstance(InjectorImpl.java:1086)
	at org.eclipse.sisu.space.AbstractDeferredClass.get(AbstractDeferredClass.java:48)
	at com.google.inject.internal.ProviderInternalFactory.provision(ProviderInternalFactory.java:85)
	at com.google.inject.internal.InternalFactoryToInitializableAdapter.provision(InternalFactoryToInitializableAdapter.java:57)
	at com.google.inject.internal.ProviderInternalFactory$1.call(ProviderInternalFactory.java:66)
	at com.google.inject.internal.ProvisionListenerStackCallback$Provision.provision(ProvisionListenerStackCallback.java:112)
	at com.google.inject.internal.ProvisionListenerStackCallback$Provision.provision(ProvisionListenerStackCallback.java:127)
	at com.google.inject.internal.ProvisionListenerStackCallback.provision(ProvisionListenerStackCallback.java:66)
	at com.google.inject.internal.ProviderInternalFactory.circularGet(ProviderInternalFactory.java:61)
	at com.google.inject.internal.InternalFactoryToInitializableAdapter.get(InternalFactoryToInitializableAdapter.java:47)
	at com.google.inject.internal.InjectorImpl$1.get(InjectorImpl.java:1050)
	at org.eclipse.sisu.inject.Guice4$1.get(Guice4.java:162)
	at org.eclipse.sisu.inject.LazyBeanEntry.getValue(LazyBeanEntry.java:81)
	at org.eclipse.sisu.plexus.LazyPlexusBean.getValue(LazyPlexusBean.java:51)
	at org.codehaus.plexus.DefaultPlexusContainer.lookup(DefaultPlexusContainer.java:263)
	at org.codehaus.plexus.DefaultPlexusContainer.lookup(DefaultPlexusContainer.java:255)
	at org.apache.maven.plugin.internal.DefaultMavenPluginManager.getConfiguredMojo(DefaultMavenPluginManager.java:520)
	at org.eclipse.m2e.core.internal.embedder.MavenImpl.getConfiguredMojo(MavenImpl.java:210)
	at org.eclipse.m2e.mavenarchiver.internal.AbstractMavenArchiverConfigurator.reflectManifestGeneration(AbstractMavenArchiverConfigurator.java:440)
	at org.eclipse.m2e.mavenarchiver.internal.AbstractMavenArchiverConfigurator.lambda$3(AbstractMavenArchiverConfigurator.java:399)
	at org.eclipse.m2e.core.internal.embedder.MavenExecutionContext.executeBare(MavenExecutionContext.java:364)
	at org.eclipse.m2e.core.internal.embedder.MavenExecutionContext.execute(MavenExecutionContext.java:274)
	at org.eclipse.m2e.core.internal.embedder.MavenExecutionContext.execute(MavenExecutionContext.java:213)
	at org.eclipse.m2e.mavenarchiver.internal.AbstractMavenArchiverConfigurator.generateManifest(AbstractMavenArchiverConfigurator.java:372)
	at org.eclipse.m2e.mavenarchiver.internal.AbstractMavenArchiverConfigurator.mavenProjectChanged(AbstractMavenArchiverConfigurator.java:229)
	at org.eclipse.m2e.mavenarchiver.internal.AbstractMavenArchiverConfigurator$1.build(AbstractMavenArchiverConfigurator.java:179)
	at org.eclipse.m2e.core.internal.builder.MavenBuilderImpl.build(MavenBuilderImpl.java:135)
	at org.eclipse.m2e.core.internal.builder.MavenBuilder$1.method(MavenBuilder.java:167)
	at org.eclipse.m2e.core.internal.builder.MavenBuilder$1.method(MavenBuilder.java:1)
	at org.eclipse.m2e.core.internal.builder.MavenBuilder$BuildMethod.lambda$1(MavenBuilder.java:112)
	at org.eclipse.m2e.core.internal.embedder.MavenExecutionContext.executeBare(MavenExecutionContext.java:364)
	at org.eclipse.m2e.core.internal.embedder.MavenExecutionContext.execute(MavenExecutionContext.java:227)
	at org.eclipse.m2e.core.internal.builder.MavenBuilder$BuildMethod.lambda$0(MavenBuilder.java:103)
	at org.eclipse.m2e.core.internal.embedder.MavenExecutionContext.executeBare(MavenExecutionContext.java:364)
	at org.eclipse.m2e.core.internal.embedder.MavenExecutionContext.execute(MavenExecutionContext.java:274)
	at org.eclipse.m2e.core.internal.embedder.MavenExecutionContext.execute(MavenExecutionContext.java:213)
	at org.eclipse.m2e.core.internal.builder.MavenBuilder$BuildMethod.execute(MavenBuilder.java:86)
	at org.eclipse.m2e.core.internal.builder.MavenBuilder.build(MavenBuilder.java:196)
	at org.eclipse.core.internal.events.BuildManager$2.run(BuildManager.java:1020)
	at org.eclipse.core.runtime.SafeRunner.run(SafeRunner.java:45)
	at org.eclipse.core.internal.events.BuildManager.basicBuild(BuildManager.java:247)
	at org.eclipse.core.internal.events.BuildManager.basicBuild(BuildManager.java:303)
	at org.eclipse.core.internal.events.BuildManager$1.run(BuildManager.java:392)
	at org.eclipse.core.runtime.SafeRunner.run(SafeRunner.java:45)
	at org.eclipse.core.internal.events.BuildManager.basicBuild(BuildManager.java:395)
	at org.eclipse.core.internal.events.BuildManager.basicBuildLoop(BuildManager.java:506)
	at org.eclipse.core.internal.events.BuildManager.basicBuildLoop(BuildManager.java:454)
	at org.eclipse.core.internal.events.BuildManager.build(BuildManager.java:536)
	at org.eclipse.core.internal.events.AutoBuildJob.doBuild(AutoBuildJob.java:161)
	at org.eclipse.core.internal.events.AutoBuildJob.run(AutoBuildJob.java:255)
	at org.eclipse.core.internal.jobs.Worker.run(Worker.java:63)
Caused by: java.lang.ExceptionInInitializerError: Cannot access defaults field of Properties
	at com.thoughtworks.xstream.converters.collections.PropertiesConverter.<clinit>(PropertiesConverter.java:46)
	at com.thoughtworks.xstream.XStream.setupConverters(XStream.java:647)
	at com.thoughtworks.xstream.XStream.<init>(XStream.java:445)
	at com.thoughtworks.xstream.XStream.<init>(XStream.java:385)
	at com.thoughtworks.xstream.XStream.<init>(XStream.java:342)
	at org.apache.maven.plugin.war.util.WebappStructureSerializer.<clinit>(WebappStructureSerializer.java:47)
	at org.apache.maven.plugin.war.AbstractWarMojo.<init>(AbstractWarMojo.java:316)
	at org.apache.maven.plugin.war.WarMojo.<init>(WarMojo.java:49)
	at java.base/jdk.internal.reflect.NativeConstructorAccessorImpl.newInstance0(Native Method)
	at java.base/jdk.internal.reflect.NativeConstructorAccessorImpl.newInstance(NativeConstructorAccessorImpl.java:77)
	at java.base/jdk.internal.reflect.DelegatingConstructorAccessorImpl.newInstance(DelegatingConstructorAccessorImpl.java:45)
	at java.base/java.lang.reflect.Constructor.newInstanceWithCaller(Constructor.java:499)
	at java.base/java.lang.reflect.Constructor.newInstance(Constructor.java:480)
	at com.google.inject.internal.DefaultConstructionProxyFactory$ReflectiveProxy.newInstance(DefaultConstructionProxyFactory.java:126)
	at com.google.inject.internal.ConstructorInjector.provision(ConstructorInjector.java:114)
	at com.google.inject.internal.ConstructorInjector.access$000(ConstructorInjector.java:32)
	at com.google.inject.internal.ConstructorInjector$1.call(ConstructorInjector.java:98)
	at com.google.inject.internal.ProvisionListenerStackCallback$Provision.provision(ProvisionListenerStackCallback.java:112)
	at com.google.inject.internal.ProvisionListenerStackCallback$Provision.provision(ProvisionListenerStackCallback.java:127)
	at com.google.inject.internal.ProvisionListenerStackCallback.provision(ProvisionListenerStackCallback.java:66)
	at com.google.inject.internal.ConstructorInjector.construct(ConstructorInjector.java:93)
	at com.google.inject.internal.ConstructorBindingImpl$Factory.get(ConstructorBindingImpl.java:306)
	at com.google.inject.internal.InjectorImpl$1.get(InjectorImpl.java:1050)
	... 51 common frames omitted
2023-02-16 15:45:04,714 [Worker-15: Building] INFO  o.e.m.c.i.l.LifecycleMappingFactory - Using org.maven.ide.eclipse.wtp.WarLifecycleMapping lifecycle mapping for MavenProject: SpringApp1:org.study:0.0.1-SNAPSHOT @ F:\Advanced_JAVA\Spring_Boot\org.study\pom.xml.
2023-02-16 15:45:06,109 [Worker-15: Building] INFO  o.e.m.c.i.embedder.EclipseLogger - Using 'UTF-8' encoding to copy filtered resources.
2023-02-16 15:45:06,115 [Worker-15: Building] INFO  o.e.m.c.i.embedder.EclipseLogger - Copying 0 resource
2023-02-16 15:45:06,122 [Worker-15: Building] INFO  o.e.m.c.i.embedder.EclipseLogger - Using 'UTF-8' encoding to copy filtered resources.
2023-02-16 15:45:06,122 [Worker-15: Building] INFO  o.e.m.c.i.embedder.EclipseLogger - skip non existing resourceDirectory F:\Advanced_JAVA\Spring_Boot\org.study\src\test\resources
2023-02-16 15:45:06,126 [Worker-15: Building] INFO  o.e.m.w.i.f.ResourceFilteringBuildParticipant - Changed resources require a complete clean of filtered resources of org.study
2023-02-16 15:45:06,128 [Worker-15: Building] INFO  o.e.m.w.i.f.ResourceFilteringBuildParticipant - Executing resource filtering for org.study
2023-02-16 15:45:06,137 [Worker-15: Building] INFO  o.e.m.c.i.embedder.EclipseLogger - Using 'UTF-8' encoding to copy filtered resources.
2023-02-16 15:45:06,558 [Worker-14: Updating Maven Project] INFO  o.e.m.c.i.p.ProjectConfigurationManager - Update started
2023-02-16 15:45:07,225 [Worker-14: Updating Maven Project] INFO  o.e.m.c.i.l.LifecycleMappingFactory - Using org.maven.ide.eclipse.wtp.WarLifecycleMapping lifecycle mapping for MavenProject: SpringApp1:org.study:0.0.1-SNAPSHOT @ F:\Advanced_JAVA\Spring_Boot\org.study\pom.xml.
2023-02-16 15:45:08,282 [Worker-14: Updating Maven Project] INFO  o.e.m.j.i.AbstractJavaProjectConfigurator - Adding source folder /org.study/src/main/java
2023-02-16 15:45:08,283 [Worker-14: Updating Maven Project] INFO  o.e.m.j.i.AbstractJavaProjectConfigurator - Adding resource folder /org.study/src/main/resources
2023-02-16 15:45:08,293 [Worker-14: Updating Maven Project] INFO  o.e.m.j.i.AbstractJavaProjectConfigurator - Adding source folder /org.study/src/test/java
2023-02-16 15:45:08,638 [Worker-14: Updating Maven Project] INFO  o.e.m.w.i.f.ResourceFilteringBuildParticipant - Cleaning filtered folder for org.study
2023-02-16 15:45:08,659 [Worker-14: Updating Maven Project] INFO  o.e.m.c.i.p.ProjectConfigurationManager - Update completed for 1 poms: local refresh takes 0.00 sec, refresh facades takes 1.00 sec, update config takes 0.00 sec 
2023-02-16 15:45:08,758 [Worker-5: Building Project org.study] INFO  o.e.m.c.i.embedder.EclipseLogger - Using 'UTF-8' encoding to copy filtered resources.
2023-02-16 15:45:08,760 [Worker-5: Building Project org.study] INFO  o.e.m.c.i.embedder.EclipseLogger - Copying 0 resource
2023-02-16 15:45:08,765 [Worker-5: Building Project org.study] INFO  o.e.m.c.i.embedder.EclipseLogger - Using 'UTF-8' encoding to copy filtered resources.
2023-02-16 15:45:08,765 [Worker-5: Building Project org.study] INFO  o.e.m.c.i.embedder.EclipseLogger - skip non existing resourceDirectory F:\Advanced_JAVA\Spring_Boot\org.study\src\test\resources
2023-02-16 15:45:08,766 [Worker-5: Building Project org.study] INFO  o.e.m.w.i.f.ResourceFilteringBuildParticipant - Changed resources require a complete clean of filtered resources of org.study
2023-02-16 15:45:08,766 [Worker-5: Building Project org.study] INFO  o.e.m.w.i.f.ResourceFilteringBuildParticipant - Executing resource filtering for org.study
2023-02-16 15:45:08,778 [Worker-5: Building Project org.study] INFO  o.e.m.c.i.embedder.EclipseLogger - Using 'UTF-8' encoding to copy filtered resources.
2023-02-16 15:45:40,425 [Worker-15: Building] INFO  o.e.m.c.i.l.LifecycleMappingFactory - Using org.maven.ide.eclipse.wtp.WarLifecycleMapping lifecycle mapping for MavenProject: SpringApp1:org.study:0.0.1-SNAPSHOT @ F:\Advanced_JAVA\Spring_Boot\org.study\pom.xml.
2023-02-16 15:45:41,302 [Worker-15: Building] INFO  o.e.m.c.i.embedder.EclipseLogger - Using 'UTF-8' encoding to copy filtered resources.
2023-02-16 15:45:41,311 [Worker-15: Building] INFO  o.e.m.c.i.embedder.EclipseLogger - Copying 0 resource
2023-02-16 15:45:41,317 [Worker-15: Building] INFO  o.e.m.c.i.embedder.EclipseLogger - Using 'UTF-8' encoding to copy filtered resources.
2023-02-16 15:45:41,317 [Worker-15: Building] INFO  o.e.m.c.i.embedder.EclipseLogger - skip non existing resourceDirectory F:\Advanced_JAVA\Spring_Boot\org.study\src\test\resources
2023-02-16 15:45:41,318 [Worker-15: Building] INFO  o.e.m.w.i.f.ResourceFilteringBuildParticipant - Changed resources require a complete clean of filtered resources of org.study
2023-02-16 15:45:41,318 [Worker-15: Building] INFO  o.e.m.w.i.f.ResourceFilteringBuildParticipant - Executing resource filtering for org.study
2023-02-16 15:45:41,323 [Worker-15: Building] INFO  o.e.m.c.i.embedder.EclipseLogger - Using 'UTF-8' encoding to copy filtered resources.
2023-02-16 15:46:15,759 [Worker-13: Building] INFO  o.e.m.c.i.embedder.EclipseLogger - Using 'UTF-8' encoding to copy filtered resources.
2023-02-16 15:46:15,759 [Worker-13: Building] INFO  o.e.m.c.i.embedder.EclipseLogger - Copying 0 resource
2023-02-16 15:46:15,766 [Worker-13: Building] INFO  o.e.m.c.i.embedder.EclipseLogger - Using 'UTF-8' encoding to copy filtered resources.
2023-02-16 15:46:15,766 [Worker-13: Building] INFO  o.e.m.c.i.embedder.EclipseLogger - skip non existing resourceDirectory F:\Advanced_JAVA\Spring_Boot\org.study\src\test\resources
2023-02-16 15:46:24,243 [Worker-14: Building] INFO  o.e.m.c.i.embedder.EclipseLogger - Using 'UTF-8' encoding to copy filtered resources.
2023-02-16 15:46:24,257 [Worker-14: Building] INFO  o.e.m.c.i.embedder.EclipseLogger - Copying 0 resource
2023-02-16 15:46:24,262 [Worker-14: Building] INFO  o.e.m.c.i.embedder.EclipseLogger - Using 'UTF-8' encoding to copy filtered resources.
2023-02-16 15:46:24,263 [Worker-14: Building] INFO  o.e.m.c.i.embedder.EclipseLogger - skip non existing resourceDirectory F:\Advanced_JAVA\Spring_Boot\org.study\src\test\resources
2023-02-16 15:47:17,971 [Worker-17: Building] INFO  o.e.m.c.i.embedder.EclipseLogger - Using 'UTF-8' encoding to copy filtered resources.
2023-02-16 15:47:17,972 [Worker-17: Building] INFO  o.e.m.c.i.embedder.EclipseLogger - Copying 0 resource
2023-02-16 15:47:17,977 [Worker-17: Building] INFO  o.e.m.c.i.embedder.EclipseLogger - Using 'UTF-8' encoding to copy filtered resources.
2023-02-16 15:47:17,978 [Worker-17: Building] INFO  o.e.m.c.i.embedder.EclipseLogger - skip non existing resourceDirectory F:\Advanced_JAVA\Spring_Boot\org.study\src\test\resources
2023-02-16 15:47:19,137 [Worker-16: Building] INFO  o.e.m.c.i.embedder.EclipseLogger - Using 'UTF-8' encoding to copy filtered resources.
2023-02-16 15:47:19,138 [Worker-16: Building] INFO  o.e.m.c.i.embedder.EclipseLogger - Copying 0 resource
2023-02-16 15:47:19,145 [Worker-16: Building] INFO  o.e.m.c.i.embedder.EclipseLogger - Using 'UTF-8' encoding to copy filtered resources.
2023-02-16 15:47:19,146 [Worker-16: Building] INFO  o.e.m.c.i.embedder.EclipseLogger - skip non existing resourceDirectory F:\Advanced_JAVA\Spring_Boot\org.study\src\test\resources
2023-02-16 15:47:41,330 [Worker-15: Building] INFO  o.e.m.c.i.embedder.EclipseLogger - Using 'UTF-8' encoding to copy filtered resources.
2023-02-16 15:47:41,331 [Worker-15: Building] INFO  o.e.m.c.i.embedder.EclipseLogger - Copying 0 resource
2023-02-16 15:47:41,336 [Worker-15: Building] INFO  o.e.m.c.i.embedder.EclipseLogger - Using 'UTF-8' encoding to copy filtered resources.
2023-02-16 15:47:41,336 [Worker-15: Building] INFO  o.e.m.c.i.embedder.EclipseLogger - skip non existing resourceDirectory F:\Advanced_JAVA\Spring_Boot\org.study\src\test\resources
2023-02-16 15:47:53,097 [Worker-12: Building] INFO  o.e.m.c.i.embedder.EclipseLogger - Using 'UTF-8' encoding to copy filtered resources.
2023-02-16 15:47:53,098 [Worker-12: Building] INFO  o.e.m.c.i.embedder.EclipseLogger - Copying 0 resource
2023-02-16 15:47:53,102 [Worker-12: Building] INFO  o.e.m.c.i.embedder.EclipseLogger - Using 'UTF-8' encoding to copy filtered resources.
2023-02-16 15:47:53,103 [Worker-12: Building] INFO  o.e.m.c.i.embedder.EclipseLogger - skip non existing resourceDirectory F:\Advanced_JAVA\Spring_Boot\org.study\src\test\resources
2023-02-16 15:48:02,914 [Worker-15: Building] INFO  o.e.m.c.i.embedder.EclipseLogger - Using 'UTF-8' encoding to copy filtered resources.
2023-02-16 15:48:02,915 [Worker-15: Building] INFO  o.e.m.c.i.embedder.EclipseLogger - Copying 0 resource
2023-02-16 15:48:02,920 [Worker-15: Building] INFO  o.e.m.c.i.embedder.EclipseLogger - Using 'UTF-8' encoding to copy filtered resources.
2023-02-16 15:48:02,920 [Worker-15: Building] INFO  o.e.m.c.i.embedder.EclipseLogger - skip non existing resourceDirectory F:\Advanced_JAVA\Spring_Boot\org.study\src\test\resources
2023-02-16 15:48:31,117 [Worker-14: Building] INFO  o.e.m.c.i.embedder.EclipseLogger - Using 'UTF-8' encoding to copy filtered resources.
2023-02-16 15:48:31,118 [Worker-14: Building] INFO  o.e.m.c.i.embedder.EclipseLogger - Copying 0 resource
2023-02-16 15:48:31,122 [Worker-14: Building] INFO  o.e.m.c.i.embedder.EclipseLogger - Using 'UTF-8' encoding to copy filtered resources.
2023-02-16 15:48:31,122 [Worker-14: Building] INFO  o.e.m.c.i.embedder.EclipseLogger - skip non existing resourceDirectory F:\Advanced_JAVA\Spring_Boot\org.study\src\test\resources
2023-02-16 15:48:58,169 [Worker-15: Building] INFO  o.e.m.c.i.embedder.EclipseLogger - Using 'UTF-8' encoding to copy filtered resources.
2023-02-16 15:48:58,171 [Worker-15: Building] INFO  o.e.m.c.i.embedder.EclipseLogger - Copying 0 resource
2023-02-16 15:48:58,175 [Worker-15: Building] INFO  o.e.m.c.i.embedder.EclipseLogger - Using 'UTF-8' encoding to copy filtered resources.
2023-02-16 15:48:58,176 [Worker-15: Building] INFO  o.e.m.c.i.embedder.EclipseLogger - skip non existing resourceDirectory F:\Advanced_JAVA\Spring_Boot\org.study\src\test\resources
2023-02-16 15:49:20,710 [Worker-16: Building] INFO  o.e.m.c.i.embedder.EclipseLogger - Using 'UTF-8' encoding to copy filtered resources.
2023-02-16 15:49:20,711 [Worker-16: Building] INFO  o.e.m.c.i.embedder.EclipseLogger - Copying 0 resource
2023-02-16 15:49:20,717 [Worker-16: Building] INFO  o.e.m.c.i.embedder.EclipseLogger - Using 'UTF-8' encoding to copy filtered resources.
2023-02-16 15:49:20,718 [Worker-16: Building] INFO  o.e.m.c.i.embedder.EclipseLogger - skip non existing resourceDirectory F:\Advanced_JAVA\Spring_Boot\org.study\src\test\resources
2023-02-16 15:49:34,788 [Worker-5: Building] INFO  o.e.m.c.i.embedder.EclipseLogger - Using 'UTF-8' encoding to copy filtered resources.
2023-02-16 15:49:34,789 [Worker-5: Building] INFO  o.e.m.c.i.embedder.EclipseLogger - Copying 0 resource
2023-02-16 15:49:34,792 [Worker-5: Building] INFO  o.e.m.c.i.embedder.EclipseLogger - Using 'UTF-8' encoding to copy filtered resources.
2023-02-16 15:49:34,792 [Worker-5: Building] INFO  o.e.m.c.i.embedder.EclipseLogger - skip non existing resourceDirectory F:\Advanced_JAVA\Spring_Boot\org.study\src\test\resources
2023-02-16 15:52:58,176 [Worker-5: Building] INFO  o.e.m.c.i.embedder.EclipseLogger - Using 'UTF-8' encoding to copy filtered resources.
2023-02-16 15:52:58,177 [Worker-5: Building] INFO  o.e.m.c.i.embedder.EclipseLogger - Copying 0 resource
2023-02-16 15:52:58,182 [Worker-5: Building] INFO  o.e.m.c.i.embedder.EclipseLogger - Using 'UTF-8' encoding to copy filtered resources.
2023-02-16 15:52:58,182 [Worker-5: Building] INFO  o.e.m.c.i.embedder.EclipseLogger - skip non existing resourceDirectory F:\Advanced_JAVA\Spring_Boot\org.study\src\test\resources
2023-02-16 15:53:11,081 [Worker-5: Building] INFO  o.e.m.c.i.embedder.EclipseLogger - Using 'UTF-8' encoding to copy filtered resources.
2023-02-16 15:53:11,082 [Worker-5: Building] INFO  o.e.m.c.i.embedder.EclipseLogger - Copying 0 resource
2023-02-16 15:53:11,086 [Worker-5: Building] INFO  o.e.m.c.i.embedder.EclipseLogger - Using 'UTF-8' encoding to copy filtered resources.
2023-02-16 15:53:11,087 [Worker-5: Building] INFO  o.e.m.c.i.embedder.EclipseLogger - skip non existing resourceDirectory F:\Advanced_JAVA\Spring_Boot\org.study\src\test\resources
2023-02-16 15:54:50,833 [Worker-22: Building] INFO  o.e.m.c.i.embedder.EclipseLogger - Using 'UTF-8' encoding to copy filtered resources.
2023-02-16 15:54:50,834 [Worker-22: Building] INFO  o.e.m.c.i.embedder.EclipseLogger - Copying 0 resource
2023-02-16 15:54:50,840 [Worker-22: Building] INFO  o.e.m.c.i.embedder.EclipseLogger - Using 'UTF-8' encoding to copy filtered resources.
2023-02-16 15:54:50,841 [Worker-22: Building] INFO  o.e.m.c.i.embedder.EclipseLogger - skip non existing resourceDirectory F:\Advanced_JAVA\Spring_Boot\org.study\src\test\resources
2023-02-16 15:59:50,741 [Worker-5: Building] INFO  o.e.m.c.i.embedder.EclipseLogger - Using 'UTF-8' encoding to copy filtered resources.
2023-02-16 15:59:50,742 [Worker-5: Building] INFO  o.e.m.c.i.embedder.EclipseLogger - Copying 0 resource
2023-02-16 15:59:50,747 [Worker-5: Building] INFO  o.e.m.c.i.embedder.EclipseLogger - Using 'UTF-8' encoding to copy filtered resources.
2023-02-16 15:59:50,748 [Worker-5: Building] INFO  o.e.m.c.i.embedder.EclipseLogger - skip non existing resourceDirectory F:\Advanced_JAVA\Spring_Boot\org.study\src\test\resources
2023-02-16 16:00:05,731 [Worker-25: Building] INFO  o.e.m.c.i.embedder.EclipseLogger - Using 'UTF-8' encoding to copy filtered resources.
2023-02-16 16:00:05,732 [Worker-25: Building] INFO  o.e.m.c.i.embedder.EclipseLogger - Copying 0 resource
2023-02-16 16:00:05,734 [Worker-25: Building] INFO  o.e.m.c.i.embedder.EclipseLogger - Using 'UTF-8' encoding to copy filtered resources.
2023-02-16 16:00:05,736 [Worker-25: Building] INFO  o.e.m.c.i.embedder.EclipseLogger - skip non existing resourceDirectory F:\Advanced_JAVA\Spring_Boot\org.study\src\test\resources
2023-02-16 16:03:12,547 [Worker-5: Building] INFO  o.e.m.c.i.embedder.EclipseLogger - Using 'UTF-8' encoding to copy filtered resources.
2023-02-16 16:03:12,548 [Worker-5: Building] INFO  o.e.m.c.i.embedder.EclipseLogger - Copying 0 resource
2023-02-16 16:03:12,550 [Worker-5: Building] INFO  o.e.m.c.i.embedder.EclipseLogger - Using 'UTF-8' encoding to copy filtered resources.
2023-02-16 16:03:12,551 [Worker-5: Building] INFO  o.e.m.c.i.embedder.EclipseLogger - skip non existing resourceDirectory F:\Advanced_JAVA\Spring_Boot\org.study\src\test\resources
2023-02-16 16:05:03,339 [Worker-23: Building] INFO  o.e.m.c.i.embedder.EclipseLogger - Using 'UTF-8' encoding to copy filtered resources.
2023-02-16 16:05:03,341 [Worker-23: Building] INFO  o.e.m.c.i.embedder.EclipseLogger - Copying 0 resource
2023-02-16 16:05:03,344 [Worker-23: Building] INFO  o.e.m.c.i.embedder.EclipseLogger - Using 'UTF-8' encoding to copy filtered resources.
2023-02-16 16:05:03,345 [Worker-23: Building] INFO  o.e.m.c.i.embedder.EclipseLogger - skip non existing resourceDirectory F:\Advanced_JAVA\Spring_Boot\org.study\src\test\resources
2023-02-16 16:06:04,230 [Worker-5: Building] INFO  o.e.m.c.i.embedder.EclipseLogger - Using 'UTF-8' encoding to copy filtered resources.
2023-02-16 16:06:04,231 [Worker-5: Building] INFO  o.e.m.c.i.embedder.EclipseLogger - Copying 0 resource
2023-02-16 16:06:04,234 [Worker-5: Building] INFO  o.e.m.c.i.embedder.EclipseLogger - Using 'UTF-8' encoding to copy filtered resources.
2023-02-16 16:06:04,234 [Worker-5: Building] INFO  o.e.m.c.i.embedder.EclipseLogger - skip non existing resourceDirectory F:\Advanced_JAVA\Spring_Boot\org.study\src\test\resources
2023-02-16 16:07:04,569 [Worker-24: Building] INFO  o.e.m.c.i.embedder.EclipseLogger - Using 'UTF-8' encoding to copy filtered resources.
2023-02-16 16:07:04,570 [Worker-24: Building] INFO  o.e.m.c.i.embedder.EclipseLogger - Copying 0 resource
2023-02-16 16:07:04,574 [Worker-24: Building] INFO  o.e.m.c.i.embedder.EclipseLogger - Using 'UTF-8' encoding to copy filtered resources.
2023-02-16 16:07:04,574 [Worker-24: Building] INFO  o.e.m.c.i.embedder.EclipseLogger - skip non existing resourceDirectory F:\Advanced_JAVA\Spring_Boot\org.study\src\test\resources
2023-02-16 16:12:21,977 [Worker-5: Building] INFO  o.e.m.c.i.embedder.EclipseLogger - Using 'UTF-8' encoding to copy filtered resources.
2023-02-16 16:12:21,978 [Worker-5: Building] INFO  o.e.m.c.i.embedder.EclipseLogger - Copying 0 resource
2023-02-16 16:12:21,981 [Worker-5: Building] INFO  o.e.m.c.i.embedder.EclipseLogger - Using 'UTF-8' encoding to copy filtered resources.
2023-02-16 16:12:21,982 [Worker-5: Building] INFO  o.e.m.c.i.embedder.EclipseLogger - skip non existing resourceDirectory F:\Advanced_JAVA\Spring_Boot\org.study\src\test\resources
2023-02-16 16:15:03,747 [Worker-5: Building] INFO  o.e.m.c.i.embedder.EclipseLogger - Using 'UTF-8' encoding to copy filtered resources.
2023-02-16 16:15:03,748 [Worker-5: Building] INFO  o.e.m.c.i.embedder.EclipseLogger - Copying 0 resource
2023-02-16 16:15:03,751 [Worker-5: Building] INFO  o.e.m.c.i.embedder.EclipseLogger - Using 'UTF-8' encoding to copy filtered resources.
2023-02-16 16:15:03,752 [Worker-5: Building] INFO  o.e.m.c.i.embedder.EclipseLogger - skip non existing resourceDirectory F:\Advanced_JAVA\Spring_Boot\org.study\src\test\resources
2023-02-16 16:15:11,551 [Worker-29: Launching App] INFO  o.e.m.c.i.embedder.EclipseLogger - Using 'UTF-8' encoding to copy filtered resources.
2023-02-16 16:15:11,552 [Worker-29: Launching App] INFO  o.e.m.c.i.embedder.EclipseLogger - Copying 0 resource
2023-02-16 16:15:11,556 [Worker-29: Launching App] INFO  o.e.m.c.i.embedder.EclipseLogger - Using 'UTF-8' encoding to copy filtered resources.
2023-02-16 16:15:11,556 [Worker-29: Launching App] INFO  o.e.m.c.i.embedder.EclipseLogger - skip non existing resourceDirectory F:\Advanced_JAVA\Spring_Boot\org.study\src\test\resources
2023-02-16 16:22:28,053 [Worker-32: Building] INFO  o.e.m.c.i.embedder.EclipseLogger - Using 'UTF-8' encoding to copy filtered resources.
2023-02-16 16:22:28,054 [Worker-32: Building] INFO  o.e.m.c.i.embedder.EclipseLogger - Copying 0 resource
2023-02-16 16:22:28,055 [Worker-32: Building] INFO  o.e.m.c.i.embedder.EclipseLogger - Using 'UTF-8' encoding to copy filtered resources.
2023-02-16 16:22:28,055 [Worker-32: Building] INFO  o.e.m.c.i.embedder.EclipseLogger - skip non existing resourceDirectory F:\Advanced_JAVA\Spring_Boot\org.study\src\test\resources
2023-02-16 16:22:41,718 [Worker-34: Building] INFO  o.e.m.c.i.embedder.EclipseLogger - Using 'UTF-8' encoding to copy filtered resources.
2023-02-16 16:22:41,718 [Worker-34: Building] INFO  o.e.m.c.i.embedder.EclipseLogger - Copying 0 resource
2023-02-16 16:22:41,720 [Worker-34: Building] INFO  o.e.m.c.i.embedder.EclipseLogger - Using 'UTF-8' encoding to copy filtered resources.
2023-02-16 16:22:41,721 [Worker-34: Building] INFO  o.e.m.c.i.embedder.EclipseLogger - skip non existing resourceDirectory F:\Advanced_JAVA\Spring_Boot\org.study\src\test\resources
2023-02-17 14:42:59,615 [Worker-3: Loading available Gradle versions] INFO  o.e.b.c.i.u.g.PublishedGradleVersions - Gradle version information cache is up-to-date. Trying to read.
2023-02-17 15:00:28,539 [Worker-16: Building] INFO  o.e.m.c.i.embedder.EclipseLogger - Using 'UTF-8' encoding to copy filtered resources.
2023-02-17 15:00:28,546 [Worker-16: Building] INFO  o.e.m.c.i.embedder.EclipseLogger - Copying 0 resource
2023-02-17 15:00:28,551 [Worker-16: Building] INFO  o.e.m.c.i.embedder.EclipseLogger - Using 'UTF-8' encoding to copy filtered resources.
2023-02-17 15:00:28,551 [Worker-16: Building] INFO  o.e.m.c.i.embedder.EclipseLogger - skip non existing resourceDirectory F:\Advanced_JAVA\Spring_Boot\org.study\src\test\resources
2023-02-17 15:03:00,124 [Worker-15: Building] INFO  o.e.m.c.i.embedder.EclipseLogger - Using 'UTF-8' encoding to copy filtered resources.
2023-02-17 15:03:00,130 [Worker-15: Building] INFO  o.e.m.c.i.embedder.EclipseLogger - Copying 0 resource
2023-02-17 15:03:00,133 [Worker-15: Building] INFO  o.e.m.c.i.embedder.EclipseLogger - Using 'UTF-8' encoding to copy filtered resources.
2023-02-17 15:03:00,134 [Worker-15: Building] INFO  o.e.m.c.i.embedder.EclipseLogger - skip non existing resourceDirectory F:\Advanced_JAVA\Spring_Boot\org.study\src\test\resources
2023-02-17 15:03:18,211 [Worker-18: Building] INFO  o.e.m.c.i.embedder.EclipseLogger - Using 'UTF-8' encoding to copy filtered resources.
2023-02-17 15:03:18,211 [Worker-18: Building] INFO  o.e.m.c.i.embedder.EclipseLogger - Copying 0 resource
2023-02-17 15:03:18,213 [Worker-18: Building] INFO  o.e.m.c.i.embedder.EclipseLogger - Using 'UTF-8' encoding to copy filtered resources.
2023-02-17 15:03:18,213 [Worker-18: Building] INFO  o.e.m.c.i.embedder.EclipseLogger - skip non existing resourceDirectory F:\Advanced_JAVA\Spring_Boot\org.study\src\test\resources
2023-02-17 15:03:25,270 [Worker-19: Building] INFO  o.e.m.c.i.embedder.EclipseLogger - Using 'UTF-8' encoding to copy filtered resources.
2023-02-17 15:03:25,272 [Worker-19: Building] INFO  o.e.m.c.i.embedder.EclipseLogger - Copying 0 resource
2023-02-17 15:03:25,276 [Worker-19: Building] INFO  o.e.m.c.i.embedder.EclipseLogger - Using 'UTF-8' encoding to copy filtered resources.
2023-02-17 15:03:25,277 [Worker-19: Building] INFO  o.e.m.c.i.embedder.EclipseLogger - skip non existing resourceDirectory F:\Advanced_JAVA\Spring_Boot\org.study\src\test\resources
2023-02-17 15:03:35,284 [Worker-15: Building] INFO  o.e.m.c.i.embedder.EclipseLogger - Using 'UTF-8' encoding to copy filtered resources.
2023-02-17 15:03:35,285 [Worker-15: Building] INFO  o.e.m.c.i.embedder.EclipseLogger - Copying 0 resource
2023-02-17 15:03:35,288 [Worker-15: Building] INFO  o.e.m.c.i.embedder.EclipseLogger - Using 'UTF-8' encoding to copy filtered resources.
2023-02-17 15:03:35,288 [Worker-15: Building] INFO  o.e.m.c.i.embedder.EclipseLogger - skip non existing resourceDirectory F:\Advanced_JAVA\Spring_Boot\org.study\src\test\resources
